<?xml version="1.0" encoding="UTF-8"?>
<testng-results skipped="0" failed="0" total="1" passed="1">
  <reporter-output>
  </reporter-output>
  <suite name="Default suite" duration-ms="28" started-at="2018-07-04T10:14:27Z" finished-at="2018-07-04T10:14:27Z">
    <groups>
    </groups>
    <test name="Default test" duration-ms="28" started-at="2018-07-04T10:14:27Z" finished-at="2018-07-04T10:14:27Z">
      <class name="com.qait.automation.simplemavendemowithcmd.AppTest">
        <test-method status="PASS" signature="sum()" name="sum" duration-ms="14" started-at="2018-07-04T10:14:27Z" finished-at="2018-07-04T10:14:27Z">
        </test-method>
      </class>
    </test>
  </suite>
</testng-results>
