<?xml version="1.0" encoding="UTF-8"?>
<testng-results skipped="0" failed="0" total="7" passed="7">
  <reporter-output>
  </reporter-output>
  <suite name="Default suite" duration-ms="16195" started-at="2018-07-04T14:29:07Z" finished-at="2018-07-04T14:29:24Z">
    <groups>
    </groups>
    <test name="Default test" duration-ms="16195" started-at="2018-07-04T14:29:07Z" finished-at="2018-07-04T14:29:24Z">
      <class name="com.qait.automation.tatoc_automation_with_javascriptExecutor.testFileJs">
        <test-method status="PASS" signature="launchBrowser()" name="launchBrowser" duration-ms="12133" started-at="2018-07-04T14:29:07Z" finished-at="2018-07-04T14:29:20Z">
        </test-method>
        <test-method status="PASS" signature="checkBasicCourseLink()" name="checkBasicCourseLink" duration-ms="271" started-at="2018-07-04T14:29:20Z" depends-on-methods="com.qait.automation.tatoc_automation_with_javascriptExecutor.testFileJs.launchBrowser" finished-at="2018-07-04T14:29:20Z">
        </test-method>
        <test-method status="PASS" signature="checkGridGate()" name="checkGridGate" duration-ms="238" started-at="2018-07-04T14:29:20Z" depends-on-methods="com.qait.automation.tatoc_automation_with_javascriptExecutor.testFileJs.checkBasicCourseLink" finished-at="2018-07-04T14:29:20Z">
        </test-method>
        <test-method status="PASS" signature="checkRepaintAndProceed()" name="checkRepaintAndProceed" duration-ms="624" started-at="2018-07-04T14:29:20Z" depends-on-methods="com.qait.automation.tatoc_automation_with_javascriptExecutor.testFileJs.checkGridGate" finished-at="2018-07-04T14:29:21Z">
        </test-method>
        <test-method status="PASS" signature="checkdragBox()" name="checkdragBox" duration-ms="303" started-at="2018-07-04T14:29:21Z" depends-on-methods="com.qait.automation.tatoc_automation_with_javascriptExecutor.testFileJs.checkRepaintAndProceed" finished-at="2018-07-04T14:29:21Z">
        </test-method>
        <test-method status="PASS" signature="checkpopup()" name="checkpopup" duration-ms="2387" started-at="2018-07-04T14:29:21Z" depends-on-methods="com.qait.automation.tatoc_automation_with_javascriptExecutor.testFileJs.checkdragBox" finished-at="2018-07-04T14:29:23Z">
        </test-method>
        <test-method status="PASS" signature="checkCookie()" name="checkCookie" duration-ms="202" started-at="2018-07-04T14:29:23Z" depends-on-methods="com.qait.automation.tatoc_automation_with_javascriptExecutor.testFileJs.checkpopup" finished-at="2018-07-04T14:29:24Z">
        </test-method>
      </class>
    </test>
  </suite>
</testng-results>
